<?xml version="1.0" encoding="UTF-8"?>
<!-- Generated by org.testng.reporters.JUnitXMLReporter -->
<testsuite ignored="0" hostname="LAPTOP-PPRTR9T7" failures="4" tests="4" name="Test_LaunchBrowser" time="0.694" errors="0" timestamp="2023-12-23T21:01:33 IST">
  <testcase classname="com.testNg_runnerclass.RunnerClass_TestNGDemo" name="user_Data" time="0.005">
    <failure type="java.lang.NullPointerException" message="Cannot invoke &amp;quot;org.openqa.selenium.SearchContext.findElement(org.openqa.selenium.By)&amp;quot; because &amp;quot;this.searchContext&amp;quot; is null">
      <![CDATA[java.lang.NullPointerException: Cannot invoke "org.openqa.selenium.SearchContext.findElement(org.openqa.selenium.By)" because "this.searchContext" is null
at org.openqa.selenium.support.pagefactory.DefaultElementLocator.findElement(DefaultElementLocator.java:68)
at org.openqa.selenium.support.pagefactory.internal.LocatingElementHandler.invoke(LocatingElementHandler.java:38)
at jdk.proxy2/jdk.proxy2.$Proxy12.sendKeys(Unknown Source)
at com.testNg_baseclasses.BaseClass_TesNgDemo.sendText(BaseClass_TesNgDemo.java:86)
at com.testNg_runnerclass.RunnerClass_TestNGDemo.user_Data(RunnerClass_TestNGDemo.java:31)
at java.base/java.util.ArrayList.forEach(ArrayList.java:1511)
... Removed 27 stack frames]]>
    </failure>
  </testcase> <!-- user_Data -->
  <testcase classname="com.testNg_runnerclass.RunnerClass_TestNGDemo" name="newsLetterChkBox" time="0.001">
    <failure type="java.lang.NullPointerException" message="Cannot invoke &amp;quot;org.openqa.selenium.SearchContext.findElement(org.openqa.selenium.By)&amp;quot; because &amp;quot;this.searchContext&amp;quot; is null">
      <![CDATA[java.lang.NullPointerException: Cannot invoke "org.openqa.selenium.SearchContext.findElement(org.openqa.selenium.By)" because "this.searchContext" is null
at org.openqa.selenium.support.pagefactory.DefaultElementLocator.findElement(DefaultElementLocator.java:68)
at org.openqa.selenium.support.pagefactory.internal.LocatingElementHandler.invoke(LocatingElementHandler.java:38)
at jdk.proxy2/jdk.proxy2.$Proxy12.click(Unknown Source)
at com.testNg_baseclasses.BaseClass_TesNgDemo.clickElement(BaseClass_TesNgDemo.java:82)
at com.testNg_runnerclass.RunnerClass_TestNGDemo.newsLetterChkBox(RunnerClass_TestNGDemo.java:42)
at java.base/java.util.ArrayList.forEach(ArrayList.java:1511)
... Removed 27 stack frames]]>
    </failure>
  </testcase> <!-- newsLetterChkBox -->
  <testcase classname="com.testNg_runnerclass.RunnerClass_TestNGDemo" name="privacyPolicyRadButton" time="0.0">
    <failure type="java.lang.NullPointerException" message="Cannot invoke &amp;quot;org.openqa.selenium.SearchContext.findElement(org.openqa.selenium.By)&amp;quot; because &amp;quot;this.searchContext&amp;quot; is null">
      <![CDATA[java.lang.NullPointerException: Cannot invoke "org.openqa.selenium.SearchContext.findElement(org.openqa.selenium.By)" because "this.searchContext" is null
at org.openqa.selenium.support.pagefactory.DefaultElementLocator.findElement(DefaultElementLocator.java:68)
at org.openqa.selenium.support.pagefactory.internal.LocatingElementHandler.invoke(LocatingElementHandler.java:38)
at jdk.proxy2/jdk.proxy2.$Proxy12.click(Unknown Source)
at com.testNg_baseclasses.BaseClass_TesNgDemo.clickElement(BaseClass_TesNgDemo.java:82)
at com.testNg_runnerclass.RunnerClass_TestNGDemo.privacyPolicyRadButton(RunnerClass_TestNGDemo.java:48)
at java.base/java.util.ArrayList.forEach(ArrayList.java:1511)
... Removed 27 stack frames]]>
    </failure>
  </testcase> <!-- privacyPolicyRadButton -->
  <testcase classname="com.testNg_runnerclass.RunnerClass_TestNGDemo" name="agreeContButton" time="0.001">
    <failure type="java.lang.NullPointerException" message="Cannot invoke &amp;quot;org.openqa.selenium.SearchContext.findElement(org.openqa.selenium.By)&amp;quot; because &amp;quot;this.searchContext&amp;quot; is null">
      <![CDATA[java.lang.NullPointerException: Cannot invoke "org.openqa.selenium.SearchContext.findElement(org.openqa.selenium.By)" because "this.searchContext" is null
at org.openqa.selenium.support.pagefactory.DefaultElementLocator.findElement(DefaultElementLocator.java:68)
at org.openqa.selenium.support.pagefactory.internal.LocatingElementHandler.invoke(LocatingElementHandler.java:38)
at jdk.proxy2/jdk.proxy2.$Proxy12.click(Unknown Source)
at com.testNg_baseclasses.BaseClass_TesNgDemo.clickElement(BaseClass_TesNgDemo.java:82)
at com.testNg_runnerclass.RunnerClass_TestNGDemo.agreeContButton(RunnerClass_TestNGDemo.java:54)
at java.base/java.util.ArrayList.forEach(ArrayList.java:1511)
... Removed 27 stack frames]]>
    </failure>
  </testcase> <!-- agreeContButton -->
</testsuite> <!-- Test_LaunchBrowser -->
